Current data from 2021-04-20. Newer data from 2021-04-24 was found.

The following header has been assigned to risk_level_code -1:
Hinweis zur Verwendung von Cookies

The following header has been assigned to risk_level_code -1:
Neu seit der letzten Änderung:

The following header has been assigned to risk_level_code 1:
1. Folgende Staaten gelten aktuell als Virusvarianten-Gebiete:

The following header has been assigned to risk_level_code 2:
2. Folgende Staaten/Regionen gelten aktuell Hochinzidenzgebiete:

The following header has been assigned to risk_level_code 3:
3. Folgende Staaten/Regionen gelten aktuell als Risikogebiete:

Unidentified state: Azoren
Risk level code:
	3
Info:
	Azoren (autonome Region) (seit 18. April 2021)

The following header has been assigned to risk_level_code 4:
Gebiete, die zu einem beliebigen Zeitpunkt in den vergangenen 10 Tagen Risikogebiete waren, aber derzeit KEINE mehr sind:

Process summary:
	- 161 states have been succesfully processed
	- 19 regions have been identified
	- 5 states are duplicated
	- 1 states could not be identified
